$ vite dev
[SveltyCMS] ✅ Setup check passed. Initializing full dev environment...
[SveltyCMS] Found [32m6[0m collection(s), compiling...
[SveltyCMS] ✅ Initial collection compilation successful!
✔ [paraglide-js] Compilation complete (locale-modules)

  VITE v7.2.4  ready in 3683 ms

  ➜  Local:   http://localhost:5173/
  ➜  Network: use --host to expose
  ➜  press h + enter to show help
[2m2025-11-26 15:43:24[0m [90m◆ [DEBUG][0m Creating system initialization promise...
[2m2025-11-26 15:43:24[0m [90m◆ [DEBUG][0m Loading @config/private configuration...
[2m2025-11-26 15:43:24[0m [90m◆ [DEBUG][0m Private config loaded successfully { hasConfig: true, dbType: 'mongodb', dbHost: '***' }
[2m2025-11-26 15:43:24[0m [36m● [INFO ][0m Private config found, starting full system initialization
[2m2025-11-26 15:43:24[0m [36m● [INFO ][0m Starting SvelteCMS System Initialization...
[2m2025-11-26 15:43:24[0m [36m● [INFO ][0m System state changed: IDLE → INITIALIZING { reason: 'Starting system initialization' }
[2m2025-11-26 15:43:24[0m [90m◆ [DEBUG][0m Loading adapters - checking privateEnv { hasPrivateEnv: true, dbType: 'mongodb' }
[2m2025-11-26 15:43:24[0m [90m◆ [DEBUG][0m 🔌 Loading mongodb adapters...
[2m2025-11-26 15:43:24[0m [90m◆ [DEBUG][0m Importing MongoDB adapter...
[2m2025-11-26 15:43:24[0m [32m● [INFO ][0m ✅ DB module loaded. System will initialize on first request via handleSystemState. 
[2m2025-11-26 15:43:24[0m [90m◆ [DEBUG][0m MongoDB adapter created
[2m2025-11-26 15:43:24[0m [90m◆ [DEBUG][0m All adapters loaded successfully
[2m2025-11-26 15:43:24[0m [90m◆ [DEBUG][0m Connecting to MongoDB...
[2m2025-11-26 15:43:24[0m [34m◆ [DEBUG][0m Using provided connection string: mongodb://*****@localhost:[34m27017[0m/SveltyCMS?authSource=admin 
[2m2025-11-26 15:43:24[0m [32m● [INFO ][0m MongoDB connection established with resilience and optimized pool configuration. 
[2m2025-11-26 15:43:24[0m [34m◆ [DEBUG][0m Self-healing reconnection handlers registered 
[2m2025-11-26 15:43:24[0m [36m● [INFO ][0m MongoAuthModelRegistrar initialized.
[2m2025-11-26 15:43:24[0m [90m◆ [DEBUG][0m Model [33m'auth_users'[0m was registered
[2m2025-11-26 15:43:24[0m [90m◆ [DEBUG][0m Model [33m'auth_sessions'[0m was registered
[2m2025-11-26 15:43:24[0m [90m◆ [DEBUG][0m Model [33m'auth_tokens'[0m was registered
[2m2025-11-26 15:43:24[0m [36m● [INFO ][0m Authentication models registered successfully.
[2m2025-11-26 15:43:24[0m [90m◆ [DEBUG][0m Model [33m'media'[0m was registered.
[2m2025-11-26 15:43:24[0m [32m● [INFO ][0m All Mongoose models registered. 
[2m2025-11-26 15:43:24[0m [90m◆ [DEBUG][0m MongoMediaMethods initialized with media model.
[2m2025-11-26 15:43:24[0m [32m● [INFO ][0m MongoDB adapter fully initialized. 
[2m2025-11-26 15:43:24[0m [36m● [INFO ][0m Steps [34m1[0m[34m-2[0m: DB connected & adapters loaded in [32m40.99ms[0m
[2m2025-11-26 15:43:24[0m [36m● [INFO ][0m Step [34m3[0m: Database models setup in [32m40.99ms[0m (⚡ parallelized with connection)
[2m2025-11-26 15:43:24[0m [36m● [INFO ][0m Step [34m4[0m: Server services (Widgets & Content) will lazy-initialize on first use
[2m2025-11-26 15:43:25[0m [90m◆ [DEBUG][0m WidgetRegistryService instance created.
[2m2025-11-26 15:43:25[0m [36m● [INFO ][0m In-memory cache initialized.
[InMemoryStore] GET cms:content_structure: MISS
[2m2025-11-26 15:43:25[0m [34m◆ [DEBUG][0m [ContentManager] Cache miss or empty - will perform full load 
[2m2025-11-26 15:43:25[0m [34m◆ [DEBUG][0m [handleSystemState] TEST_MODE=undefined, pathname=/ 
[2m2025-11-26 15:43:25[0m [34m◆ [DEBUG][0m [handleSystemState] Request to /, system state: INITIALIZING 
[RateLimit] IP: ::1, Localhost: true, Bypass: false, Path: /
[2m2025-11-26 15:43:25[0m [33m⚠ [WARN ][0m Advanced bot detected and blocked: UA=HeadlessChrome, Path=/ 
[2m2025-11-26 15:43:25[0m [36m● [INFO ][0m Initializing WidgetRegistryService, scanning for widgets...
[2m2025-11-26 15:43:25[0m [36m● [INFO ][0m [34m705[0m WidgetRegistryService initialized with [34m20[0m widgets in [32m0.36ms[0m.
[2m2025-11-26 15:43:25[0m [90m◆ [DEBUG][0m Processed collection: 80b2f81a21144e85b45bf76725797d42
[2m2025-11-26 15:43:25[0m [90m◆ [DEBUG][0m Processed collection: 25fd68ff6e33444e8ee02e1d8d48314a
[2m2025-11-26 15:43:25[0m [90m◆ [DEBUG][0m Processed collection: dd621954e5284656b173c4f5b667c1d5
[2m2025-11-26 15:43:25[0m [90m◆ [DEBUG][0m Processed collection: b6226f194116424e8ae7a02e7305216c
[2m2025-11-26 15:43:25[0m [90m◆ [DEBUG][0m Processed collection: 2287e27a252049e5a7dfe57bb0ef4cb8
[2m2025-11-26 15:43:25[0m [90m◆ [DEBUG][0m Processed collection: a1e0c0b38e0d40c68ec39013e698cf51
[InMemoryStore] GET content:structure:flat:{}: MISS
[2m2025-11-26 15:43:25[0m [34m◆ [DEBUG][0m Cache MISS: content:structure:flat:{} [33m{[0m[36mcategory[0m: content[33m,[0m [36mtenantId[0m: [90mundefined[0m[33m,[0m [36mresponseTime[0m: [34m0[0m.05ms[33m}[0m
[InMemoryStore] SET content:structure:flat:{} TTL=180
[2m2025-11-26 15:43:25[0m [34m◆ [DEBUG][0m [ContentManager] Starting three-phase sync with [34m9[0m operations 
[2m2025-11-26 15:43:25[0m [34m◆ [DEBUG][0m [ContentManager] Phase [34m1[0m: Inserting nodes 
[2m2025-11-26 15:43:25[0m [34m◆ [DEBUG][0m [ContentManager] Phase [34m1[0m: Upserting [34m9[0m nodes 
[2m2025-11-26 15:43:26[0m [36m● [INFO ][0m [bulkUpdateNodes] Result: modified=[34m9[0m, upserted=[34m0[0m, total=[34m9[0m
[2m2025-11-26 15:43:26[0m [34m◆ [DEBUG][0m Cache invalidated for category: content [33m{[0m[36mtenantId[0m: all-tenants[33m}[0m
[2m2025-11-26 15:43:26[0m [34m◆ [DEBUG][0m Cache invalidated for category: content [33m{[0m[36mtenantId[0m: all-tenants[33m}[0m
[2m2025-11-26 15:43:26[0m [34m◆ [DEBUG][0m [ContentManager] Cache invalidated after Phase [34m1[0m 
[2m2025-11-26 15:43:26[0m [34m◆ [DEBUG][0m [ContentManager] Phase [34m2[0m: Fetching nodes from database 
[2m2025-11-26 15:43:26[0m [34m◆ [DEBUG][0m [ContentManager] Phase [34m2[0m: Retrieved [34m9[0m nodes 
[2m2025-11-26 15:43:26[0m [34m◆ [DEBUG][0m [ContentManager] Phase [34m3[0m: Updating [34m7[0m parent relationships 
[2m2025-11-26 15:43:26[0m [36m● [INFO ][0m [bulkUpdateNodes] Result: modified=[34m7[0m, upserted=[34m0[0m, total=[34m7[0m
[2m2025-11-26 15:43:26[0m [34m◆ [DEBUG][0m Cache invalidated for category: content [33m{[0m[36mtenantId[0m: all-tenants[33m}[0m
[2m2025-11-26 15:43:26[0m [34m◆ [DEBUG][0m Cache invalidated for category: content [33m{[0m[36mtenantId[0m: all-tenants[33m}[0m
[2m2025-11-26 15:43:26[0m [34m◆ [DEBUG][0m [ContentManager] Cache invalidated after Phase [34m3[0m 
[2m2025-11-26 15:43:26[0m [34m◆ [DEBUG][0m [ContentManager] Final phase: Fetching complete structure from database 
[2m2025-11-26 15:43:26[0m [34m◆ [DEBUG][0m [ContentManager] Final structure: [34m9[0m nodes retrieved 
[2m2025-11-26 15:43:26[0m [34m◆ [DEBUG][0m [ContentManager] Maps rebuilt: contentNodeMap=[34m9[0m, pathLookupMap=[34m9[0m 
[InMemoryStore] SET cms:content_structure TTL=300
[2m2025-11-26 15:43:26[0m [32m● [INFO ][0m 📦 ContentManager fully initialized in [32m68.23ms[0m 
[2m2025-11-26 15:43:26[0m [36m● [INFO ][0m ContentManager eagerly initialized.
[2m2025-11-26 15:43:26[0m [36m● [INFO ][0m Creating in-memory [33msession[0m manager
[2m2025-11-26 15:43:26[0m [36m● [INFO ][0m ✓ System auto-transitioned to READY (initialization [32mcompleted[0m in [32m2004ms[0m)
[2m2025-11-26 15:43:26[0m [90m◆ [DEBUG][0m Using in-memory private config (bypassing filesystem)
[2m2025-11-26 15:43:26[0m [36m● [INFO ][0m ✅ System settings loaded and cached from database.
[InMemoryStore] GET theme:all: MISS
[2m2025-11-26 15:43:26[0m [34m◆ [DEBUG][0m Cache MISS: theme:all [33m{[0m[36mcategory[0m: theme[33m,[0m [36mtenantId[0m: [90mundefined[0m[33m,[0m [36mresponseTime[0m: [34m0[0m.12ms[33m}[0m
[InMemoryStore] SET theme:all TTL=300
[2m2025-11-26 15:43:26[0m [90m◆ [DEBUG][0m Initializing ThemeManager...
[InMemoryStore] GET theme:all: FOUND
[2m2025-11-26 15:43:26[0m [34m◆ [DEBUG][0m Cache HIT: theme:all [33m{[0m[36mcategory[0m: theme[33m,[0m [36mtenantId[0m: [90mundefined[0m[33m,[0m [36mresponseTime[0m: [34m0[0m.06ms[33m}[0m
[2m2025-11-26 15:43:26[0m [90m◆ [DEBUG][0m Default theme cached: SveltyCMSTheme
[2m2025-11-26 15:43:26[0m [90m◆ [DEBUG][0m [widgetStore] Loading active widgets from database... { tenantId: undefined, serverSide: true }
[2m2025-11-26 15:43:26[0m [90m◆ [DEBUG][0m [widgetStore] Server-side: Using provided dbAdapter
[2m2025-11-26 15:43:26[0m [90m◆ [DEBUG][0m [widgetMethods.getActiveWidgets] Querying active widgets from database
[2m2025-11-26 15:43:26[0m [90m◆ [DEBUG][0m [widgetMethods.getActiveWidgets] Query [32mcompleted[0m { count: 0, widgets: [] }
[2m2025-11-26 15:43:26[0m [90m◆ [DEBUG][0m [widgetStore] Active widgets loaded via dbAdapter { tenantId: undefined, count: 0, widgets: [] }
[2m2025-11-26 15:43:26[0m [90m◆ [DEBUG][0m [widgetStore] Server-side initialization - no active widgets loaded yet
[2m2025-11-26 15:43:26[0m [90m◆ [DEBUG][0m [widgetStore] Marketplace directory does not exist yet (this is normal)
[2m2025-11-26 15:43:26[0m [36m● [INFO ][0m ✅ Widget health check passed
[2m2025-11-26 15:43:26[0m [36m● [INFO ][0m [34m19[0m widgets initialized successfully {}
[2m2025-11-26 15:43:26[0m [36m● [INFO ][0m Parallel I/O [32mcompleted[0m in [32m65.81ms[0m (Media: [32m2.68ms[0m, Revisions: [32m0.19ms[0m, Virtual Folders: [32m4.50ms[0m, Themes: [32m4.17ms[0m, Widgets: [32m65.41ms[0m)
[2m2025-11-26 15:43:26[0m [36m● [INFO ][0m Step [34m5[0m: Critical components initialized in [32m72.07ms[0m (Auth: [32m6.21ms[0m, Settings: [32m5.90ms[0m)
[2m2025-11-26 15:43:26[0m [36m● [INFO ][0m 🚀 System initialization [32mcompleted[0m successfully in [32m2076.48ms[0m!
[2m2025-11-26 15:43:26[0m [34m◆ [DEBUG][0m [handleSystemState] TEST_MODE=undefined, pathname=[36m/api/auth/login[0m 
[2m2025-11-26 15:43:26[0m [34m◆ [DEBUG][0m [handleSystemState] Request to [36m/api/auth/login,[0m system state: READY 
[RateLimit] IP: ::1, Localhost: true, Bypass: true, Path: /api/auth/login
[InMemoryStore] GET ratelimit:04620435839e4e4aacf0708d21fa2352f5fa662a79b3f8a9bdd1bf123b7c1a9c2: MISS
[RateLimit] GET 04620435839e4e4aacf0708d21fa2352f5fa662a79b3f8a9bdd1bf123b7c1a9c2: null
[InMemoryStore] SET ratelimit:04620435839e4e4aacf0708d21fa2352f5fa662a79b3f8a9bdd1bf123b7c1a9c2 TTL=60000
[RateLimit] ADD 04620435839e4e4aacf0708d21fa2352f5fa662a79b3f8a9bdd1bf123b7c1a9c2: 1, TTL=60000
[InMemoryStore] GET ratelimit:1eff8e7ca506627fe15dda5e0e512fcaad70b6d520f37cc76597fdb4f2d83a1a3: MISS
[RateLimit] GET 1eff8e7ca506627fe15dda5e0e512fcaad70b6d520f37cc76597fdb4f2d83a1a3: null
[InMemoryStore] SET ratelimit:1eff8e7ca506627fe15dda5e0e512fcaad70b6d520f37cc76597fdb4f2d83a1a3 TTL=60000
[RateLimit] ADD 1eff8e7ca506627fe15dda5e0e512fcaad70b6d520f37cc76597fdb4f2d83a1a3: 1, TTL=60000
[InMemoryStore] GET userCount: MISS
[2m2025-11-26 15:43:26[0m [90m◆ [DEBUG][0m User count retrieved: [34m2[0m
[InMemoryStore] SET userCount TTL=300
[InMemoryStore] SET roles:global TTL=60
[2m2025-11-26 15:43:26[0m [34m◆ [DEBUG][0m [handleSystemState] TEST_MODE=undefined, pathname=[36m/api/auth/login[0m 
[2m2025-11-26 15:43:26[0m [34m◆ [DEBUG][0m [handleSystemState] Request to [36m/api/auth/login,[0m system state: READY 
[RateLimit] IP: ::1, Localhost: true, Bypass: true, Path: /api/auth/login
[InMemoryStore] GET ratelimit:04620435839e4e4aacf0708d21fa2352f5fa662a79b3f8a9bdd1bf123b7c1a9c2: FOUND
[RateLimit] GET 04620435839e4e4aacf0708d21fa2352f5fa662a79b3f8a9bdd1bf123b7c1a9c2: { count: 1, expires: 1764231806106 }
[InMemoryStore] GET ratelimit:04620435839e4e4aacf0708d21fa2352f5fa662a79b3f8a9bdd1bf123b7c1a9c2: FOUND
[RateLimit] GET 04620435839e4e4aacf0708d21fa2352f5fa662a79b3f8a9bdd1bf123b7c1a9c2: { count: 1, expires: 1764231806106 }
[InMemoryStore] SET ratelimit:04620435839e4e4aacf0708d21fa2352f5fa662a79b3f8a9bdd1bf123b7c1a9c2 TTL=60000
[RateLimit] INC 04620435839e4e4aacf0708d21fa2352f5fa662a79b3f8a9bdd1bf123b7c1a9c2: 2
[InMemoryStore] GET ratelimit:1eff8e7ca506627fe15dda5e0e512fcaad70b6d520f37cc76597fdb4f2d83a1a3: FOUND
[RateLimit] GET 1eff8e7ca506627fe15dda5e0e512fcaad70b6d520f37cc76597fdb4f2d83a1a3: { count: 1, expires: 1764231806106 }
[InMemoryStore] GET ratelimit:1eff8e7ca506627fe15dda5e0e512fcaad70b6d520f37cc76597fdb4f2d83a1a3: FOUND
[RateLimit] GET 1eff8e7ca506627fe15dda5e0e512fcaad70b6d520f37cc76597fdb4f2d83a1a3: { count: 1, expires: 1764231806106 }
[InMemoryStore] SET ratelimit:1eff8e7ca506627fe15dda5e0e512fcaad70b6d520f37cc76597fdb4f2d83a1a3 TTL=60000
[RateLimit] INC 1eff8e7ca506627fe15dda5e0e512fcaad70b6d520f37cc76597fdb4f2d83a1a3: 2
[2m2025-11-26 15:43:26[0m [34m◆ [DEBUG][0m [handleSystemState] TEST_MODE=undefined, pathname=[36m/api/auth/login[0m 
[2m2025-11-26 15:43:26[0m [34m◆ [DEBUG][0m [handleSystemState] Request to [36m/api/auth/login,[0m system state: READY 
[RateLimit] IP: ::1, Localhost: true, Bypass: true, Path: /api/auth/login
[InMemoryStore] GET ratelimit:04620435839e4e4aacf0708d21fa2352f5fa662a79b3f8a9bdd1bf123b7c1a9c2: FOUND
[RateLimit] GET 04620435839e4e4aacf0708d21fa2352f5fa662a79b3f8a9bdd1bf123b7c1a9c2: { count: 2, expires: 1764231806119 }
[InMemoryStore] GET ratelimit:04620435839e4e4aacf0708d21fa2352f5fa662a79b3f8a9bdd1bf123b7c1a9c2: FOUND
[RateLimit] GET 04620435839e4e4aacf0708d21fa2352f5fa662a79b3f8a9bdd1bf123b7c1a9c2: { count: 2, expires: 1764231806119 }
[InMemoryStore] SET ratelimit:04620435839e4e4aacf0708d21fa2352f5fa662a79b3f8a9bdd1bf123b7c1a9c2 TTL=60000
[RateLimit] INC 04620435839e4e4aacf0708d21fa2352f5fa662a79b3f8a9bdd1bf123b7c1a9c2: 3
[InMemoryStore] GET ratelimit:1eff8e7ca506627fe15dda5e0e512fcaad70b6d520f37cc76597fdb4f2d83a1a3: FOUND
[RateLimit] GET 1eff8e7ca506627fe15dda5e0e512fcaad70b6d520f37cc76597fdb4f2d83a1a3: { count: 2, expires: 1764231806120 }
[InMemoryStore] GET ratelimit:1eff8e7ca506627fe15dda5e0e512fcaad70b6d520f37cc76597fdb4f2d83a1a3: FOUND
[RateLimit] GET 1eff8e7ca506627fe15dda5e0e512fcaad70b6d520f37cc76597fdb4f2d83a1a3: { count: 2, expires: 1764231806120 }
[InMemoryStore] SET ratelimit:1eff8e7ca506627fe15dda5e0e512fcaad70b6d520f37cc76597fdb4f2d83a1a3 TTL=60000
[RateLimit] INC 1eff8e7ca506627fe15dda5e0e512fcaad70b6d520f37cc76597fdb4f2d83a1a3: 3
[2m2025-11-26 15:43:26[0m [34m◆ [DEBUG][0m [handleSystemState] TEST_MODE=undefined, pathname=[36m/api/auth/login[0m 
[2m2025-11-26 15:43:26[0m [34m◆ [DEBUG][0m [handleSystemState] Request to [36m/api/auth/login,[0m system state: READY 
[RateLimit] IP: ::1, Localhost: true, Bypass: true, Path: /api/auth/login
[InMemoryStore] GET ratelimit:04620435839e4e4aacf0708d21fa2352f5fa662a79b3f8a9bdd1bf123b7c1a9c2: FOUND
[RateLimit] GET 04620435839e4e4aacf0708d21fa2352f5fa662a79b3f8a9bdd1bf123b7c1a9c2: { count: 3, expires: 1764231806125 }
[InMemoryStore] GET ratelimit:04620435839e4e4aacf0708d21fa2352f5fa662a79b3f8a9bdd1bf123b7c1a9c2: FOUND
[RateLimit] GET 04620435839e4e4aacf0708d21fa2352f5fa662a79b3f8a9bdd1bf123b7c1a9c2: { count: 3, expires: 1764231806125 }
[InMemoryStore] SET ratelimit:04620435839e4e4aacf0708d21fa2352f5fa662a79b3f8a9bdd1bf123b7c1a9c2 TTL=60000
[RateLimit] INC 04620435839e4e4aacf0708d21fa2352f5fa662a79b3f8a9bdd1bf123b7c1a9c2: 4
[InMemoryStore] GET ratelimit:1eff8e7ca506627fe15dda5e0e512fcaad70b6d520f37cc76597fdb4f2d83a1a3: FOUND
[RateLimit] GET 1eff8e7ca506627fe15dda5e0e512fcaad70b6d520f37cc76597fdb4f2d83a1a3: { count: 3, expires: 1764231806126 }
[InMemoryStore] GET ratelimit:1eff8e7ca506627fe15dda5e0e512fcaad70b6d520f37cc76597fdb4f2d83a1a3: FOUND
[RateLimit] GET 1eff8e7ca506627fe15dda5e0e512fcaad70b6d520f37cc76597fdb4f2d83a1a3: { count: 3, expires: 1764231806126 }
[InMemoryStore] SET ratelimit:1eff8e7ca506627fe15dda5e0e512fcaad70b6d520f37cc76597fdb4f2d83a1a3 TTL=60000
[RateLimit] INC 1eff8e7ca506627fe15dda5e0e512fcaad70b6d520f37cc76597fdb4f2d83a1a3: 4
[2m2025-11-26 15:43:26[0m [34m◆ [DEBUG][0m [handleSystemState] TEST_MODE=undefined, pathname=[36m/api/auth/login[0m 
[2m2025-11-26 15:43:26[0m [34m◆ [DEBUG][0m [handleSystemState] Request to [36m/api/auth/login,[0m system state: READY 
[RateLimit] IP: ::1, Localhost: true, Bypass: true, Path: /api/auth/login
[InMemoryStore] GET ratelimit:04620435839e4e4aacf0708d21fa2352f5fa662a79b3f8a9bdd1bf123b7c1a9c2: FOUND
[RateLimit] GET 04620435839e4e4aacf0708d21fa2352f5fa662a79b3f8a9bdd1bf123b7c1a9c2: { count: 4, expires: 1764231806134 }
[InMemoryStore] GET ratelimit:04620435839e4e4aacf0708d21fa2352f5fa662a79b3f8a9bdd1bf123b7c1a9c2: FOUND
[RateLimit] GET 04620435839e4e4aacf0708d21fa2352f5fa662a79b3f8a9bdd1bf123b7c1a9c2: { count: 4, expires: 1764231806134 }
[InMemoryStore] SET ratelimit:04620435839e4e4aacf0708d21fa2352f5fa662a79b3f8a9bdd1bf123b7c1a9c2 TTL=60000
[RateLimit] INC 04620435839e4e4aacf0708d21fa2352f5fa662a79b3f8a9bdd1bf123b7c1a9c2: 5
[InMemoryStore] GET ratelimit:1eff8e7ca506627fe15dda5e0e512fcaad70b6d520f37cc76597fdb4f2d83a1a3: FOUND
[RateLimit] GET 1eff8e7ca506627fe15dda5e0e512fcaad70b6d520f37cc76597fdb4f2d83a1a3: { count: 4, expires: 1764231806134 }
[InMemoryStore] GET ratelimit:1eff8e7ca506627fe15dda5e0e512fcaad70b6d520f37cc76597fdb4f2d83a1a3: FOUND
[RateLimit] GET 1eff8e7ca506627fe15dda5e0e512fcaad70b6d520f37cc76597fdb4f2d83a1a3: { count: 4, expires: 1764231806134 }
[InMemoryStore] SET ratelimit:1eff8e7ca506627fe15dda5e0e512fcaad70b6d520f37cc76597fdb4f2d83a1a3 TTL=60000
[RateLimit] INC 1eff8e7ca506627fe15dda5e0e512fcaad70b6d520f37cc76597fdb4f2d83a1a3: 5
[2m2025-11-26 15:43:26[0m [34m◆ [DEBUG][0m [handleSystemState] TEST_MODE=undefined, pathname=[36m/api/auth/login[0m 
[2m2025-11-26 15:43:26[0m [34m◆ [DEBUG][0m [handleSystemState] Request to [36m/api/auth/login,[0m system state: READY 
[RateLimit] IP: ::1, Localhost: true, Bypass: true, Path: /api/auth/login
[InMemoryStore] GET ratelimit:04620435839e4e4aacf0708d21fa2352f5fa662a79b3f8a9bdd1bf123b7c1a9c2: FOUND
[RateLimit] GET 04620435839e4e4aacf0708d21fa2352f5fa662a79b3f8a9bdd1bf123b7c1a9c2: { count: 5, expires: 1764231806138 }
[InMemoryStore] GET ratelimit:04620435839e4e4aacf0708d21fa2352f5fa662a79b3f8a9bdd1bf123b7c1a9c2: FOUND
[RateLimit] GET 04620435839e4e4aacf0708d21fa2352f5fa662a79b3f8a9bdd1bf123b7c1a9c2: { count: 5, expires: 1764231806138 }
[InMemoryStore] SET ratelimit:04620435839e4e4aacf0708d21fa2352f5fa662a79b3f8a9bdd1bf123b7c1a9c2 TTL=60000
[RateLimit] INC 04620435839e4e4aacf0708d21fa2352f5fa662a79b3f8a9bdd1bf123b7c1a9c2: 6
[2m2025-11-26 15:43:26[0m [33m⚠ [WARN ][0m Rate limit exceeded for IP: ::[34m1[0m, endpoint: [36m/api/auth/login,[0m UA: Bun/[34m1.3[0m.[34m3[0m 
[2m2025-11-26 15:43:26[0m [34m◆ [DEBUG][0m [handleSystemState] TEST_MODE=undefined, pathname=/ 
[2m2025-11-26 15:43:26[0m [34m◆ [DEBUG][0m [handleSystemState] Request to /, system state: READY 
[RateLimit] IP: ::1, Localhost: true, Bypass: false, Path: /
[2m2025-11-26 15:43:26[0m [34m◆ [DEBUG][0m [handleSystemState] TEST_MODE=undefined, pathname=/login 
[2m2025-11-26 15:43:26[0m [34m◆ [DEBUG][0m [handleSystemState] Request to /login, system state: READY 
[RateLimit] IP: ::1, Localhost: true, Bypass: false, Path: /login
4:44:16 PM [vite] (ssr) page reload src/databases/CacheService.ts
4:44:26 PM [vite] (ssr) page reload src/hooks/handleRateLimit.ts
4:47:40 PM [vite] (ssr) page reload src/databases/schemas.ts
5:06:23 PM [vite] (ssr) page reload package.json
5:06:41 PM [vite] vite.config.ts changed, restarting server...
[SveltyCMS] ✅ Setup check passed. Initializing full dev environment...
failed to load config from /var/www/vhosts/asset-trade.de/svelte.asset-trade.de/SveltyCMS/vite.config.ts
5:06:41 PM [vite] imagetools is not defined
5:06:41 PM [vite] server restart failed
5:06:42 PM [vite] vite.config.ts changed, restarting server...
[SveltyCMS] ✅ Setup check passed. Initializing full dev environment...
✓ Security check passed: No private settings exposed to client
✔ [paraglide-js] Compilation complete (locale-modules)
5:06:44 PM [vite] (client) Re-optimizing dependencies because lockfile has changed
5:06:44 PM [vite] server restarted.
5:11:53 PM [vite] vite.config.ts changed, restarting server...
[SveltyCMS] ✅ Setup check passed. Initializing full dev environment...
✓ Security check passed: No private settings exposed to client
5:11:54 PM [vite] vite.config.ts changed, restarting server...
✔ [paraglide-js] Compilation complete (locale-modules)
5:11:54 PM [vite] (client) Re-optimizing dependencies because lockfile has changed
5:11:54 PM [vite] server restarted.
[SveltyCMS] ✅ Setup check passed. Initializing full dev environment...
✓ Security check passed: No private settings exposed to client
✔ [paraglide-js] Compilation complete (locale-modules)
5:11:57 PM [vite] server restarted.

  ➜  Local:   http://localhost:5173/
  ➜  Network: use --host to expose
6:04:47 PM [vite] src/databases/db.ts changed, restarting server...
[SveltyCMS] ✅ Setup check passed. Initializing full dev environment...
✓ Security check passed: No private settings exposed to client
✔ [paraglide-js] Compilation complete (locale-modules)
6:04:50 PM [vite] server restarted.
6:10:20 PM [vite] src/databases/db.ts changed, restarting server...
[SveltyCMS] ✅ Setup check passed. Initializing full dev environment...
✓ Security check passed: No private settings exposed to client
✔ [paraglide-js] Compilation complete (locale-modules)
6:10:22 PM [vite] server restarted.
6:11:56 PM [vite] src/databases/db.ts changed, restarting server...
[SveltyCMS] ✅ Setup check passed. Initializing full dev environment...
✓ Security check passed: No private settings exposed to client
✔ [paraglide-js] Compilation complete (locale-modules)
6:11:59 PM [vite] server restarted.
6:20:11 PM [vite] src/databases/db.ts changed, restarting server...
[SveltyCMS] ✅ Setup check passed. Initializing full dev environment...
(node:701948) MaxListenersExceededWarning: Possible EventEmitter memory leak detected. 11 SIGINT listeners added to [process]. MaxListeners is 10. Use emitter.setMaxListeners() to increase limit
(Use `node --trace-warnings ...` to show where the warning was created)
✓ Security check passed: No private settings exposed to client
✔ [paraglide-js] Compilation complete (locale-modules)
6:20:13 PM [vite] (client) Forced re-optimization of dependencies
6:20:14 PM [vite] server restarted.
6:22:07 PM [vite] src/databases/db.ts changed, restarting server...
[SveltyCMS] ✅ Setup check passed. Initializing full dev environment...
✓ Security check passed: No private settings exposed to client
✔ [paraglide-js] Compilation complete (locale-modules)
6:22:09 PM [vite] server restarted.
