Failed to start or connect to the Nx Daemon process.

Messages from the log:
[NX v22.3.3 Daemon Server] - 2026-01-17T16:54:49.416Z - [WATCHER]: Subscribed to changes within: /var/www/vhosts/asset-trade.de/svelte.asset-trade.de/SveltyCMS (native)
[NX v22.3.3 Daemon Server] - 2026-01-17T16:54:49.420Z - [NX-CONSOLE]: Pulling latest Nx (latest) to check console status...
Fetching nx...
[NX v22.3.3 Daemon Server] - 2026-01-17T16:54:49.608Z - [NX-CONSOLE]: Successfully pulled latest Nx to /tmp/tmp-1382471-JXsjPP1KDfeq
Time for 'plugin worker 1382932 code loading' 4.413136999999999
Time for 'plugin worker 1382923 code loading' 24.515337000000002
Time for 'plugin worker 1382951 code loading' 8.790024000000003
[NX v22.3.3 Daemon Server] - 2026-01-17T16:54:49.738Z - [NX-CONSOLE]: Using local implementation (NX_USE_LOCAL=true or inner call)
DEBUG nx::native::ide::preferences: Loaded console preferences: NxConsolePreferences { auto_install_console: Some(false), path: "/var/www/vhosts/asset-trade.de/.config/nx/ide.json" }
DEBUG nx::native::ide::install: Detected editor: Unknown
[NX v22.3.3 Daemon Server] - 2026-01-17T16:54:49.739Z - [NX-CONSOLE]: Console status check completed, shouldPrompt: false
[NX v22.3.3 Daemon Server] - 2026-01-17T16:54:50.097Z - [REQUEST]: Updated workspace context based on watched changes, recomputing project graph...
[NX v22.3.3 Daemon Server] - 2026-01-17T16:54:50.097Z - [REQUEST]: 
[NX v22.3.3 Daemon Server] - 2026-01-17T16:54:50.097Z - [REQUEST]: 
Time for 'nx/core/project-json:createNodes' 0.5541390000000774
Time for 'nx/core/package-json:createNodes' 0.8650840000000244
Time for 'nx/js/dependencies-and-lockfile:createNodes' 29.914025000000038
Time for 'build typescript dependencies' 914.811764
[NX v22.3.3 Daemon Server] - 2026-01-17T16:54:51.213Z - [SYNC]: collect registered sync generators



More information: /var/www/vhosts/asset-trade.de/svelte.asset-trade.de/SveltyCMS/.nx/workspace-data/d/daemon.log