2024-06-25T18:37:35.942Z [INFO]: User count retrieved: 0
2024-06-25T18:37:35.955Z [INFO]: User count retrieved: 0
2024-06-25T18:40:24.048Z [INFO]: User count retrieved: 0
2024-06-25T18:40:24.068Z [INFO]: User count retrieved: 0
2024-06-25T18:40:47.092Z [INFO]: User count retrieved: 0
2024-06-25T18:40:47.094Z [INFO]: User count retrieved: 0
2024-06-25T18:41:44.078Z [INFO]: User count retrieved: 0
2024-06-25T18:41:44.080Z [INFO]: User count retrieved: 0
2024-06-25T18:41:59.098Z [INFO]: User count retrieved: 0
2024-06-25T18:41:59.235Z [INFO]: User count retrieved: 0
2024-06-25T18:42:08.058Z [INFO]: User count retrieved: 0
2024-06-25T18:42:08.059Z [INFO]: User count retrieved: 0
2024-06-25T18:43:06.452Z [INFO]: User count retrieved: 0
2024-06-25T18:43:06.456Z [INFO]: User count retrieved: 0
2024-06-25T18:43:38.222Z [INFO]: User count retrieved: 0
2024-06-25T18:43:38.223Z [INFO]: User count retrieved: 0
2024-06-25T18:43:55.081Z [INFO]: User count retrieved: 0
2024-06-25T18:43:55.083Z [INFO]: User count retrieved: 0
2024-06-26T14:29:18.024Z [INFO]: User count retrieved: 1
2024-06-26T14:29:18.088Z [INFO]: User count retrieved: 1
2024-06-26T14:30:26.403Z [INFO]: User count retrieved: 1
2024-06-26T14:30:26.420Z [INFO]: User count retrieved: 1
2024-06-26T14:30:48.729Z [INFO]: User attributes updated: undefined
2024-06-26T14:30:48.730Z [INFO]: User logged in: undefined
2024-06-26T14:30:48.859Z [INFO]: Session created with ID: undefined for user ID: 667c2618cef1401c1a7f9607
2024-06-26T14:30:48.747Z [INFO]: Creating session for user ID: 667c2618cef1401c1a7f9607 with expiry: 3600000
2024-06-26T14:30:48.940Z [INFO]: User attributes updated: [object Object]
2024-06-26T14:30:48.946Z [INFO]: User attributes updated for user ID: [object Object]
2024-06-26T14:31:01.882Z [INFO]: Validating session with ID: undefined
2024-06-26T14:31:02.606Z [INFO]: User count retrieved: 1
2024-06-26T14:31:02.706Z [INFO]: User count retrieved: 1
2024-06-26T15:16:44.196Z [INFO]: Validating session with ID: undefined
2024-06-26T15:17:55.855Z [INFO]: User logged in: 667921406cdf6158615d55ac
2024-06-26T15:17:55.865Z [INFO]: Creating session for user ID: 667921406cdf6158615d55ac with expiry: 3600000
2024-06-26T15:17:55.918Z [INFO]: Session created with ID: 667c31234743b027e531d8df for user ID: 667921406cdf6158615d55ac
2024-06-26T15:17:55.928Z [INFO]: User attributes updated for user ID: [object Object]
2024-06-26T15:17:56.001Z [INFO]: Validating session with ID: 667c31234743b027e531d8df
2024-06-26T15:17:56.066Z [INFO]: Session is valid for user: awesome.guy.9402625@gmail.com
2024-06-26T15:17:57.650Z [INFO]: Validating session with ID: 667c31234743b027e531d8df
2024-06-26T15:17:59.610Z [INFO]: Session is valid for user: awesome.guy.9402625@gmail.com
2024-06-26T22:01:59.360Z [INFO]: Validating session with ID: 667c31234743b027e531d8df
