$ nx build cms --configuration=production

> nx run cms:build:production

> NODE_ENV=production vite build

[36mvite v7.3.1 [32mbuilding ssr environment for production...[36m[39m
[SveltyCMS] Setup mode: config/private.ts will be created during setup wizard
[SveltyCMS] Found [32m6[0m collection(s), compiling...
[SveltyCMS] ✅ Initial collection compilation successful!
[32m✔[39m [1m[32m[paraglide-js] [39m[22mCompilation complete (message-modules)
transforming...
[33m6:31:40 PM [vite-plugin-svelte] src/routes/config/collectionbuilder/[action]/[...contentPath]/tabs/CollectionWidget.svelte:43:42 This reference only captures the initial value of `initialFields`. Did you mean to reference it inside a derived instead?
https://svelte.dev/e/state_referenced_locally[39m
41: 
42:   // Use state for fields (not derived, since we need to mutate it via drag-and-drop)
43:   let fields = $state(mapFieldsWithWidgets(initialFields ?? []));
                                                            ^
44: 
45:   // ... (rest of the logic)
[33m6:31:42 PM [vite-plugin-svelte] src/routes/config/collectionbuilder/NestedContent/TreeViewNode.svelte:132:4 Buttons and links should either contain text or have an `aria-label`, `aria-labelledby` or `title` attribute
https://svelte.dev/e/a11y_consider_explicit_label[39m
130:     <Tooltip positioning={{ placement: 'top' }}>
131:       <Tooltip.Trigger>
132:         <button
                    ^
133:           type="button"
134:           class="btn-icon preset-tonal hover:preset-filled rounded transition-all duration-200 hover:scale-110"
[33m6:31:42 PM [vite-plugin-svelte] src/routes/config/collectionbuilder/NestedContent/TreeViewNode.svelte:157:4 Buttons and links should either contain text or have an `aria-label`, `aria-labelledby` or `title` attribute
https://svelte.dev/e/a11y_consider_explicit_label[39m
155:     <Tooltip positioning={{ placement: 'top' }}>
156:       <Tooltip.Trigger>
157:         <button
                    ^
158:           type="button"
159:           class="btn-icon preset-tonal hover:preset-filled rounded transition-all duration-200 hover:scale-110"
[33m6:31:42 PM [vite-plugin-svelte] src/routes/config/collectionbuilder/NestedContent/TreeViewNode.svelte:178:4 Buttons and links should either contain text or have an `aria-label`, `aria-labelledby` or `title` attribute
https://svelte.dev/e/a11y_consider_explicit_label[39m
176:     <Tooltip positioning={{ placement: 'top' }}>
177:       <Tooltip.Trigger>
178:         <button
                    ^
179:           type="button"
180:           class="btn-icon preset-tonal hover:preset-filled rounded transition-all duration-200 hover:scale-110"
[33m6:31:46 PM [vite-plugin-svelte] /var/www/vhosts/asset-trade.de/svelte.asset-trade.de/SveltyCMS/shared/features/src/dashboard/widgets/AuditLogWidget.svelte:13:28 This reference only captures the initial value of `config`. Did you mean to reference it inside a closure instead?
https://svelte.dev/e/state_referenced_locally[39m
11: 
12:   // Use config to suppress warning in dev
13:   if (import.meta.env.DEV && config) {
                                       ^
14:     console.log('AuditLogWidget config:', config);
15:   }
[33m6:31:46 PM [vite-plugin-svelte] /var/www/vhosts/asset-trade.de/svelte.asset-trade.de/SveltyCMS/shared/features/src/dashboard/widgets/AuditLogWidget.svelte:14:40 This reference only captures the initial value of `config`. Did you mean to reference it inside a closure instead?
https://svelte.dev/e/state_referenced_locally[39m
12:   // Use config to suppress warning in dev
13:   if (import.meta.env.DEV && config) {
14:     console.log('AuditLogWidget config:', config);
                                                    ^
15:   }
16: 
[32m✓[39m 1269 modules transformed.
[31m✗[39m Build failed in 13.35s
[31merror during build:
[31m[vite:load-fallback] Could not load /var/www/vhosts/asset-trade.de/svelte.asset-trade.de/SveltyCMS/config/private (imported by ../../shared/database/src/db.ts): ENOENT: no such file or directory, open '/var/www/vhosts/asset-trade.de/svelte.asset-trade.de/SveltyCMS/config/private'[31m
    at async open (node:internal/fs/promises:636:25)
    at async Object.readFile (node:internal/fs/promises:1269:14)
    at async Object.handler (file:///var/www/vhosts/asset-trade.de/svelte.asset-trade.de/SveltyCMS/node_modules/vite/dist/node/chunks/config.js:33169:21)
    at async PluginDriver.hookFirstAndGetPlugin (file:///var/www/vhosts/asset-trade.de/svelte.asset-trade.de/SveltyCMS/node_modules/rollup/dist/es/shared/node-entry.js:22333:28)
    at async file:///var/www/vhosts/asset-trade.de/svelte.asset-trade.de/SveltyCMS/node_modules/rollup/dist/es/shared/node-entry.js:21333:33
    at async Queue.work (file:///var/www/vhosts/asset-trade.de/svelte.asset-trade.de/SveltyCMS/node_modules/rollup/dist/es/shared/node-entry.js:22561:32)[39m
Warning: command "NODE_ENV=production vite build" exited with non-zero status code


 NX   Running target build for project cms failed

Failed tasks:

- cms:build:production

Hint: run the command with --verbose for more details.

error: script "build:cms" exited with code 1
